Determining if the include file pthread.h exists failed with the following output:
Change Dir: /home/lorris/projet_perso/P2P_Navy/build/CMakeFiles/CMakeTmp

Run Build Command(s):/usr/bin/make cmTC_34c46/fast && /usr/bin/make -f CMakeFiles/cmTC_34c46.dir/build.make CMakeFiles/cmTC_34c46.dir/build
make[1]: Entering directory '/home/lorris/projet_perso/P2P_Navy/build/CMakeFiles/CMakeTmp'
Building CXX object CMakeFiles/cmTC_34c46.dir/CheckIncludeFile.cxx.o
/usr/bin/c++    -pthread -fPIC -g -g3 -Wall -Wextra -lboost_date_time -lboost_serialization -lboost_system -lboost_thread -lpthread      -o CMakeFiles/cmTC_34c46.dir/CheckIncludeFile.cxx.o -c /home/lorris/projet_perso/P2P_Navy/build/CMakeFiles/CMakeTmp/CheckIncludeFile.cxx
Linking CXX executable cmTC_34c46
/usr/bin/cmake -E cmake_link_script CMakeFiles/cmTC_34c46.dir/link.txt --verbose=1
/usr/bin/c++   -pthread -fPIC -g -g3 -Wall -Wextra -lboost_date_time -lboost_serialization -lboost_system -lboost_thread -lpthread         CMakeFiles/cmTC_34c46.dir/CheckIncludeFile.cxx.o  -o cmTC_34c46 
/usr/bin/ld: cannot find -lboost_date_time
/usr/bin/ld: cannot find -lboost_serialization
/usr/bin/ld: cannot find -lboost_system
/usr/bin/ld: cannot find -lboost_thread
collect2: error: ld returned 1 exit status
make[1]: *** [CMakeFiles/cmTC_34c46.dir/build.make:87: cmTC_34c46] Error 1
make[1]: Leaving directory '/home/lorris/projet_perso/P2P_Navy/build/CMakeFiles/CMakeTmp'
make: *** [Makefile:121: cmTC_34c46/fast] Error 2



